Determining if the pthread_create exist failed with the following output:
Change Dir: /home/hxm/catkin_ws/build/CMakeFiles/CMakeTmp

Run Build Command:"/usr/bin/make" "cmTC_41f76/fast"
/usr/bin/make -f CMakeFiles/cmTC_41f76.dir/build.make CMakeFiles/cmTC_41f76.dir/build
make[1]: Entering directory '/home/hxm/catkin_ws/build/CMakeFiles/CMakeTmp'
Building C object CMakeFiles/cmTC_41f76.dir/CheckSymbolExists.c.o
/usr/bin/cc     -o CMakeFiles/cmTC_41f76.dir/CheckSymbolExists.c.o   -c /home/hxm/catkin_ws/build/CMakeFiles/CMakeTmp/CheckSymbolExists.c
Linking C executable cmTC_41f76
/usr/bin/cmake -E cmake_link_script CMakeFiles/cmTC_41f76.dir/link.txt --verbose=1
/usr/bin/cc       CMakeFiles/cmTC_41f76.dir/CheckSymbolExists.c.o  -o cmTC_41f76 -rdynamic 
CMakeFiles/cmTC_41f76.dir/CheckSymbolExists.c.o：在函数‘main’中：
CheckSymbolExists.c:(.text+0x16)：对‘pthread_create’未定义的引用
collect2: error: ld returned 1 exit status
CMakeFiles/cmTC_41f76.dir/build.make:97: recipe for target 'cmTC_41f76' failed
make[1]: *** [cmTC_41f76] Error 1
make[1]: Leaving directory '/home/hxm/catkin_ws/build/CMakeFiles/CMakeTmp'
Makefile:126: recipe for target 'cmTC_41f76/fast' failed
make: *** [cmTC_41f76/fast] Error 2

File /home/hxm/catkin_ws/build/CMakeFiles/CMakeTmp/CheckSymbolExists.c:
/* */
#include <pthread.h>

int main(int argc, char** argv)
{
  (void)argv;
#ifndef pthread_create
  return ((int*)(&pthread_create))[argc];
#else
  (void)argc;
  return 0;
#endif
}

Determining if the function pthread_create exists in the pthreads failed with the following output:
Change Dir: /home/hxm/catkin_ws/build/CMakeFiles/CMakeTmp

Run Build Command:"/usr/bin/make" "cmTC_c80ee/fast"
/usr/bin/make -f CMakeFiles/cmTC_c80ee.dir/build.make CMakeFiles/cmTC_c80ee.dir/build
make[1]: Entering directory '/home/hxm/catkin_ws/build/CMakeFiles/CMakeTmp'
Building C object CMakeFiles/cmTC_c80ee.dir/CheckFunctionExists.c.o
/usr/bin/cc    -DCHECK_FUNCTION_EXISTS=pthread_create   -o CMakeFiles/cmTC_c80ee.dir/CheckFunctionExists.c.o   -c /usr/share/cmake-3.5/Modules/CheckFunctionExists.c
Linking C executable cmTC_c80ee
/usr/bin/cmake -E cmake_link_script CMakeFiles/cmTC_c80ee.dir/link.txt --verbose=1
/usr/bin/cc   -DCHECK_FUNCTION_EXISTS=pthread_create    CMakeFiles/cmTC_c80ee.dir/CheckFunctionExists.c.o  -o cmTC_c80ee -rdynamic -lpthreads 
/usr/bin/ld: 找不到 -lpthreads
collect2: error: ld returned 1 exit status
CMakeFiles/cmTC_c80ee.dir/build.make:97: recipe for target 'cmTC_c80ee' failed
make[1]: *** [cmTC_c80ee] Error 1
make[1]: Leaving directory '/home/hxm/catkin_ws/build/CMakeFiles/CMakeTmp'
Makefile:126: recipe for target 'cmTC_c80ee/fast' failed
make: *** [cmTC_c80ee/fast] Error 2


Determining if the Q_WS_WIN exist failed with the following output:
Change Dir: /home/hxm/catkin_ws/build/CMakeFiles/CMakeTmp

Run Build Command:"/usr/bin/make" "cmTC_1924a/fast"
/usr/bin/make -f CMakeFiles/cmTC_1924a.dir/build.make CMakeFiles/cmTC_1924a.dir/build
make[1]: Entering directory '/home/hxm/catkin_ws/build/CMakeFiles/CMakeTmp'
Building CXX object CMakeFiles/cmTC_1924a.dir/CheckSymbolExists.cxx.o
/usr/bin/c++    -I/usr/include/qt4   -o CMakeFiles/cmTC_1924a.dir/CheckSymbolExists.cxx.o -c /home/hxm/catkin_ws/build/CMakeFiles/CMakeTmp/CheckSymbolExists.cxx
/home/hxm/catkin_ws/build/CMakeFiles/CMakeTmp/CheckSymbolExists.cxx: In function ‘int main(int, char**)’:
/home/hxm/catkin_ws/build/CMakeFiles/CMakeTmp/CheckSymbolExists.cxx:8:19: error: ‘Q_WS_WIN’ was not declared in this scope
   return ((int*)(&Q_WS_WIN))[argc];
                   ^
CMakeFiles/cmTC_1924a.dir/build.make:65: recipe for target 'CMakeFiles/cmTC_1924a.dir/CheckSymbolExists.cxx.o' failed
make[1]: *** [CMakeFiles/cmTC_1924a.dir/CheckSymbolExists.cxx.o] Error 1
make[1]: Leaving directory '/home/hxm/catkin_ws/build/CMakeFiles/CMakeTmp'
Makefile:126: recipe for target 'cmTC_1924a/fast' failed
make: *** [cmTC_1924a/fast] Error 2

File /home/hxm/catkin_ws/build/CMakeFiles/CMakeTmp/CheckSymbolExists.cxx:
/* */
#include <QtCore/qglobal.h>

int main(int argc, char** argv)
{
  (void)argv;
#ifndef Q_WS_WIN
  return ((int*)(&Q_WS_WIN))[argc];
#else
  (void)argc;
  return 0;
#endif
}

Determining if the Q_WS_QWS exist failed with the following output:
Change Dir: /home/hxm/catkin_ws/build/CMakeFiles/CMakeTmp

Run Build Command:"/usr/bin/make" "cmTC_bf280/fast"
/usr/bin/make -f CMakeFiles/cmTC_bf280.dir/build.make CMakeFiles/cmTC_bf280.dir/build
make[1]: Entering directory '/home/hxm/catkin_ws/build/CMakeFiles/CMakeTmp'
Building CXX object CMakeFiles/cmTC_bf280.dir/CheckSymbolExists.cxx.o
/usr/bin/c++    -I/usr/include/qt4   -o CMakeFiles/cmTC_bf280.dir/CheckSymbolExists.cxx.o -c /home/hxm/catkin_ws/build/CMakeFiles/CMakeTmp/CheckSymbolExists.cxx
/home/hxm/catkin_ws/build/CMakeFiles/CMakeTmp/CheckSymbolExists.cxx: In function ‘int main(int, char**)’:
/home/hxm/catkin_ws/build/CMakeFiles/CMakeTmp/CheckSymbolExists.cxx:8:19: error: ‘Q_WS_QWS’ was not declared in this scope
   return ((int*)(&Q_WS_QWS))[argc];
                   ^
CMakeFiles/cmTC_bf280.dir/build.make:65: recipe for target 'CMakeFiles/cmTC_bf280.dir/CheckSymbolExists.cxx.o' failed
make[1]: *** [CMakeFiles/cmTC_bf280.dir/CheckSymbolExists.cxx.o] Error 1
make[1]: Leaving directory '/home/hxm/catkin_ws/build/CMakeFiles/CMakeTmp'
Makefile:126: recipe for target 'cmTC_bf280/fast' failed
make: *** [cmTC_bf280/fast] Error 2

File /home/hxm/catkin_ws/build/CMakeFiles/CMakeTmp/CheckSymbolExists.cxx:
/* */
#include <QtCore/qglobal.h>

int main(int argc, char** argv)
{
  (void)argv;
#ifndef Q_WS_QWS
  return ((int*)(&Q_WS_QWS))[argc];
#else
  (void)argc;
  return 0;
#endif
}

Determining if the Q_WS_MAC exist failed with the following output:
Change Dir: /home/hxm/catkin_ws/build/CMakeFiles/CMakeTmp

Run Build Command:"/usr/bin/make" "cmTC_77a0d/fast"
/usr/bin/make -f CMakeFiles/cmTC_77a0d.dir/build.make CMakeFiles/cmTC_77a0d.dir/build
make[1]: Entering directory '/home/hxm/catkin_ws/build/CMakeFiles/CMakeTmp'
Building CXX object CMakeFiles/cmTC_77a0d.dir/CheckSymbolExists.cxx.o
/usr/bin/c++    -I/usr/include/qt4   -o CMakeFiles/cmTC_77a0d.dir/CheckSymbolExists.cxx.o -c /home/hxm/catkin_ws/build/CMakeFiles/CMakeTmp/CheckSymbolExists.cxx
/home/hxm/catkin_ws/build/CMakeFiles/CMakeTmp/CheckSymbolExists.cxx: In function ‘int main(int, char**)’:
/home/hxm/catkin_ws/build/CMakeFiles/CMakeTmp/CheckSymbolExists.cxx:8:19: error: ‘Q_WS_MAC’ was not declared in this scope
   return ((int*)(&Q_WS_MAC))[argc];
                   ^
CMakeFiles/cmTC_77a0d.dir/build.make:65: recipe for target 'CMakeFiles/cmTC_77a0d.dir/CheckSymbolExists.cxx.o' failed
make[1]: *** [CMakeFiles/cmTC_77a0d.dir/CheckSymbolExists.cxx.o] Error 1
make[1]: Leaving directory '/home/hxm/catkin_ws/build/CMakeFiles/CMakeTmp'
Makefile:126: recipe for target 'cmTC_77a0d/fast' failed
make: *** [cmTC_77a0d/fast] Error 2

File /home/hxm/catkin_ws/build/CMakeFiles/CMakeTmp/CheckSymbolExists.cxx:
/* */
#include <QtCore/qglobal.h>

int main(int argc, char** argv)
{
  (void)argv;
#ifndef Q_WS_MAC
  return ((int*)(&Q_WS_MAC))[argc];
#else
  (void)argc;
  return 0;
#endif
}

Determining if the include file pgm.h exists failed with the following output:
Change Dir: /home/hxm/catkin_ws/build/CMakeFiles/CMakeTmp

Run Build Command:"/usr/bin/make" "cmTC_e75f3/fast"
/usr/bin/make -f CMakeFiles/cmTC_e75f3.dir/build.make CMakeFiles/cmTC_e75f3.dir/build
make[1]: Entering directory '/home/hxm/catkin_ws/build/CMakeFiles/CMakeTmp'
Building CXX object CMakeFiles/cmTC_e75f3.dir/CheckIncludeFile.cxx.o
/usr/bin/c++      -o CMakeFiles/cmTC_e75f3.dir/CheckIncludeFile.cxx.o -c /home/hxm/catkin_ws/build/CMakeFiles/CMakeTmp/CheckIncludeFile.cxx
/home/hxm/catkin_ws/build/CMakeFiles/CMakeTmp/CheckIncludeFile.cxx:1:17: fatal error: pgm.h: 没有那个文件或目录
compilation terminated.
CMakeFiles/cmTC_e75f3.dir/build.make:65: recipe for target 'CMakeFiles/cmTC_e75f3.dir/CheckIncludeFile.cxx.o' failed
make[1]: *** [CMakeFiles/cmTC_e75f3.dir/CheckIncludeFile.cxx.o] Error 1
make[1]: Leaving directory '/home/hxm/catkin_ws/build/CMakeFiles/CMakeTmp'
Makefile:126: recipe for target 'cmTC_e75f3/fast' failed
make: *** [cmTC_e75f3/fast] Error 2


